[2022-02-04 23:54:31] INFO In Homepage View
[2022-02-04 23:54:31] INFO In Homepage View
[2022-02-04 23:54:32] INFO <QuerySet [<Book: Book 99>, <Book: Book2>, <Book: Book6>, <Book: book 7>, <Book: Book3>, <Book: book 7 >, <Book: Ramayan>, <Book: Mahabharat>, <Book: Mahabharat>, <Book: Karn>, <Book: Monk who sold his ferrari>]>
[2022-02-05 12:51:20] INFO In Homepage View
[2022-02-05 12:51:46] INFO In Homepage View
[2022-02-05 12:51:47] INFO In Homepage View
[2022-02-05 12:51:49] INFO <QuerySet [<Book: Book 99>, <Book: Book2>, <Book: Book6>, <Book: book 7>, <Book: Book3>, <Book: book 7 >, <Book: Ramayan>, <Book: Mahabharat>, <Book: Mahabharat>, <Book: Karn>, <Book: Monk who sold his ferrari>, <Book: Java>]>
[2022-02-05 12:52:04] INFO In Homepage View
[2022-02-05 12:52:05] INFO <QuerySet [<Book: Book 99>, <Book: Book2>, <Book: Book6>, <Book: book 7>, <Book: Book3>, <Book: book 7 >, <Book: Ramayan>, <Book: Mahabharat>, <Book: Mahabharat>, <Book: Karn>, <Book: Monk who sold his ferrari>, <Book: Java>]>
[2022-02-05 12:52:16] INFO In Homepage View
[2022-02-05 12:52:21] INFO <QuerySet [<Book: Book 99>, <Book: Book2>, <Book: Book6>, <Book: book 7>, <Book: Book3>, <Book: book 7 >, <Book: Ramayan>, <Book: Mahabharat>, <Book: Mahabharat>, <Book: Karn>, <Book: Monk who sold his ferrari>, <Book: Java>]>
[2022-02-05 12:52:30] INFO <QuerySet [<Book: Book 99>, <Book: Book2>, <Book: Book6>, <Book: book 7>, <Book: Book3>, <Book: book 7 >, <Book: Ramayan>, <Book: Mahabharat>, <Book: Mahabharat>, <Book: Karn>, <Book: Monk who sold his ferrari>, <Book: Java>]>
[2022-02-05 12:52:40] INFO <QuerySet [<Book: Book 99>, <Book: Book2>, <Book: Book6>, <Book: book 7>, <Book: Book3>, <Book: book 7 >, <Book: Ramayan>, <Book: Mahabharat>, <Book: Mahabharat>, <Book: Karn>, <Book: Monk who sold his ferrari>, <Book: Java>]>
[2022-02-05 12:52:47] INFO <QuerySet [<Book: Book 99>, <Book: Book2>, <Book: Book6>, <Book: book 7>, <Book: Book3>, <Book: book 7 >, <Book: Ramayan>, <Book: Mahabharat>, <Book: Karn>, <Book: Monk who sold his ferrari>, <Book: Java>]>
[2022-02-05 12:52:54] INFO <QuerySet [<Book: Book 99>, <Book: Book2>, <Book: Book6>, <Book: book 7>, <Book: Book3>, <Book: book 7 >, <Book: Ramayan>, <Book: Karn>, <Book: Monk who sold his ferrari>, <Book: Java>]>
[2022-02-05 12:53:00] INFO <QuerySet [<Book: Book 99>, <Book: Book2>, <Book: Book6>, <Book: book 7>, <Book: Book3>, <Book: book 7 >, <Book: Karn>, <Book: Monk who sold his ferrari>, <Book: Java>]>
[2022-02-05 12:53:06] INFO <QuerySet [<Book: Book 99>, <Book: Book2>, <Book: Book6>, <Book: book 7>, <Book: Book3>, <Book: book 7 >, <Book: Monk who sold his ferrari>, <Book: Java>]>
[2022-02-05 12:53:14] INFO In Homepage View
[2022-02-05 12:53:16] INFO <QuerySet [<Book: Book 99>, <Book: Book2>, <Book: Book6>, <Book: book 7>, <Book: Book3>, <Book: book 7 >, <Book: Monk who sold his ferrari>, <Book: Java>]>
[2022-02-07 22:23:10] INFO In Homepage View
[2022-02-07 22:23:45] INFO In Homepage View
[2022-02-07 22:24:11] INFO <QuerySet [<Book: Book 99>, <Book: Book2>, <Book: Book6>, <Book: book 7>, <Book: Book3>, <Book: book 7 >, <Book: Monk who sold his ferrari>, <Book: Java>]>
[2022-02-08 20:57:31] INFO In Homepage View
[2022-02-09 11:47:38] INFO In Homepage View
